Arguments: 
  /nix/store/1hm18vpa4glq71mmss8b8wfm6bscsmv1-nodejs-19.7.0/bin/node /nix/store/26an1f4dv565c1jsq8s3krwhxibsappp-yarn-1.22.19/bin/yarn add --dev @types/flow-parser

PATH: 
  /nix/store/mv5gpi07yzb8m9b6829l8hkw6rpay49c-patchelf-0.15.0/bin:/nix/store/bfbp3ypd9nm3fapz634gvvs738blrl0y-gcc-wrapper-12.2.0/bin:/nix/store/wx4nsqbssywgx9zkabwgl9sxm5l61ni3-gcc-12.2.0/bin:/nix/store/lp8qrhb6hs42jwbapzq20l05jf4kyicq-glibc-2.35-224-bin/bin:/nix/store/bg8f47vihykgqcgblxkfk9sbvc4dnksa-coreutils-9.1/bin:/nix/store/i2pdyabq6nrrnisbkma71h42fw6ha0y6-binutils-wrapper-2.40/bin:/nix/store/fhzz4yrdy17czwc9i4swhlpcp445inzb-binutils-2.40/bin:/nix/store/1hm18vpa4glq71mmss8b8wfm6bscsmv1-nodejs-19.7.0/bin:/nix/store/26an1f4dv565c1jsq8s3krwhxibsappp-yarn-1.22.19/bin:/nix/store/7xf4f4d9jip5rjkzwvxwxqgmyhzzvyqk-bash-interactive-5.2-p15/bin:/nix/store/bg8f47vihykgqcgblxkfk9sbvc4dnksa-coreutils-9.1/bin:/nix/store/8w3xxhbldw1i40a6fdcs17y6vyq3l3dd-findutils-4.9.0/bin:/nix/store/vraimqnjzzvzabh9wvw5a5s32cv5k6lc-diffutils-3.8/bin:/nix/store/4f5jnd0q8b5kj934wm202km3i8ssrl6p-gnused-4.9/bin:/nix/store/4vkv3rzky44hp2b8r13d8hr4ykvqhvwh-gnugrep-3.7/bin:/nix/store/v4dhg1im8yrl1gq1697jgwh2g85mqwr6-gawk-5.2.1/bin:/nix/store/61mzw223sdk26lxawnx64b72xgjrhaj8-gnutar-1.34/bin:/nix/store/jmx6hd6qykl0a8vxrf6pv6m8q2c0kpxn-gzip-1.12/bin:/nix/store/i4ic0p0l83i37dvx8cb1l3cicq0bny5z-bzip2-1.0.8-bin/bin:/nix/store/i36xm3qb20x9mwbigq4gh5626b0vhg9p-gnumake-4.4/bin:/nix/store/5ynbf6wszmggr0abwifdagrixgnya5vy-bash-5.2-p15/bin:/nix/store/xj8vr2sgbz3rhy26xzmg44vkzr5dww1y-patch-2.7.6/bin:/nix/store/c2kkvw6klpyf9p289si6cqv8gw4q2wb9-xz-5.4.1-bin/bin:/nix/store/s29xjzid62937vc17jx6zi785nhk0plk-file-5.44/bin:/home/gwendolyn/.local/bin:/home/gwendolyn/.nix-profile/bin:/nix/var/nix/profiles/default/bin:/home/gwendolyn/bin:/usr/local/bin:/usr/local/sbin:/home/gwendolyn/.nix-profile/bin:/nix/var/nix/profiles/default/bin:/usr/bin:/home/gwendolyn/.dotnet/tools:/usr/lib/jvm/default/bin:/usr/bin/site_perl:/usr/bin/vendor_perl:/usr/bin/core_perl

Yarn version: 
  1.22.19

Node version: 
  19.7.0

Platform: 
  linux x64

Trace: 
  Error: https://registry.yarnpkg.com/@types%2fflow-parser: Not found
      at params.callback [as _callback] (/nix/store/26an1f4dv565c1jsq8s3krwhxibsappp-yarn-1.22.19/libexec/yarn/lib/cli.js:66145:18)
      at self.callback (/nix/store/26an1f4dv565c1jsq8s3krwhxibsappp-yarn-1.22.19/libexec/yarn/lib/cli.js:140890:22)
      at Request.emit (node:events:512:28)
      at Request.<anonymous> (/nix/store/26an1f4dv565c1jsq8s3krwhxibsappp-yarn-1.22.19/libexec/yarn/lib/cli.js:141862:10)
      at Request.emit (node:events:512:28)
      at IncomingMessage.<anonymous> (/nix/store/26an1f4dv565c1jsq8s3krwhxibsappp-yarn-1.22.19/libexec/yarn/lib/cli.js:141784:12)
      at Object.onceWrapper (node:events:626:28)
      at IncomingMessage.emit (node:events:524:35)
      at endReadableNT (node:internal/streams/readable:1359:12)
      at process.processTicksAndRejections (node:internal/process/task_queues:82:21)

npm manifest: 
  {
    "name": "webgl-automata",
    "version": "1.0.0",
    "description": "compute cellular automata in webgl shaders",
    "main": "index.ts",
    "license": "MIT",
    "devDependencies": {
      "@types/estree": "^1.0.0",
      "typescript": "^5.0.4"
    },
    "scripts": {
      "build": "tsc"
    },
    "type": "module",
    "dependencies": {
      "acorn": "^8.8.2",
      "flow-parser": "^0.204.0"
    }
  }

yarn manifest: 
  No manifest

Lockfile: 
  # THIS IS AN AUTOGENERATED FILE. DO NOT EDIT THIS FILE DIRECTLY.
  # yarn lockfile v1
  
  
  "@types/estree@^1.0.0":
    version "1.0.0"
    resolved "https://registry.yarnpkg.com/@types/estree/-/estree-1.0.0.tgz#5fb2e536c1ae9bf35366eed879e827fa59ca41c2"
    integrity sha512-WulqXMDUTYAXCjZnk6JtIHPigp55cVtDgDrO2gHRwhyJto21+1zbVCtOYB2L1F9w4qCQ0rOGWBnBe0FNTiEJIQ==
  
  acorn@^8.8.2:
    version "8.8.2"
    resolved "https://registry.yarnpkg.com/acorn/-/acorn-8.8.2.tgz#1b2f25db02af965399b9776b0c2c391276d37c4a"
    integrity sha512-xjIYgE8HBrkpd/sJqOGNspf8uHG+NOHGOw6a/Urj8taM2EXfdNAH2oFcPeIFfsv3+kz/mJrS5VuMqbNLjCa2vw==
  
  flow-parser@^0.204.0:
    version "0.204.0"
    resolved "https://registry.yarnpkg.com/flow-parser/-/flow-parser-0.204.0.tgz#48515c3d289557d465b409c60ebdf4e783af491e"
    integrity sha512-cQhNPLOk5NFyDXBC8WE8dy2Gls+YqKI3FNqQbJ7UrbFyd30IdEX3t27u3VsnoVK22I872+PWeb1KhHxDgu7kAg==
  
  typescript@^5.0.4:
    version "5.0.4"
    resolved "https://registry.yarnpkg.com/typescript/-/typescript-5.0.4.tgz#b217fd20119bd61a94d4011274e0ab369058da3b"
    integrity sha512-cW9T5W9xY37cc+jfEnaUvX91foxtHkza3Nw3wkoF4sSlKn0MONdkdEndig/qPBWXNkmplh3NzayQzCiHM4/hqw==
